<?xml version="1.0" encoding="UTF-8"?>
<testsuite xmlns:xsi="http://www.w3.org/2001/XMLSchema-instance" xsi:noNamespaceSchemaLocation="https://maven.apache.org/surefire/maven-surefire-plugin/xsd/surefire-test-report-3.0.xsd" version="3.0" name="stepdefinitions.TestRunner" time="9.646" tests="1" errors="0" skipped="0" failures="1">
  <properties>
[...]
</properties>
  <testcase name="Verify Google Search is working" classname="Google Search Functionality" time="6.555">
    <failure type="java.lang.AssertionError"><![CDATA[java.lang.AssertionError
	at org.junit.Assert.fail(Assert.java:87)
	at org.junit.Assert.assertTrue(Assert.java:42)
	at org.junit.Assert.assertTrue(Assert.java:53)
	at stepdefinitions.GoogleSearchSteps.i_should_see_in_the_search_results(GoogleSearchSteps.java:46)
	at ✽.I should see "Cucumber BDD" in the search results(file:///C:/Users/FAHIM/.cursor/projects/JavaSeleniumCucumberFramework/src/test/resources/features/google_search.feature:6)
]]></failure>
    <system-out><![CDATA[
Scenario: Verify Google Search is working                # src/test/resources/features/google_search.feature:3
  Given I am on the Google homepage                      # stepdefinitions.GoogleSearchSteps.i_am_on_the_google_homepage()
  When I search for "Cucumber BDD"                       # stepdefinitions.GoogleSearchSteps.i_search_for(java.lang.String)
Page Source: <html><head><meta http-equiv="origin-trial" content="A7vZI3v+Gz7JfuRolKNM4Aff6zaGuT7X0mf3wtoZTnKv6497cVMnhy03KDqX7kBz/q/iidW7srW31oQbBt4VhgoAAACUeyJvcmlnaW4iOiJodHRwczovL3d3dy5nb29nbGUuY29tOjQ0MyIsImZlYXR1cmUiOiJEaXNhYmxlVGhpcmRQYXJ0eVN0b3JhZ2VQYXJ0aXRpb25pbmczIiwiZXhwaXJ5IjoxNzU3OTgwODAwLCJpc1N1YmRvbWFpbiI6dHJ1ZSwiaXNUaGlyZFBhcnR5Ijp0cnVlfQ=="><meta http-equiv="content-type" content="text/html; charset=utf-8"><meta name="viewport" content="initial-scale=1"><title>https://www.google.com/search?q=Cucumber+BDD&amp;sca_esv=908d569159eb1a2e&amp;source=hp&amp;ei=jUBAaab1K-Tb4-EPv_CC6A4&amp;iflsig=AOw8s4IAAAAAaUBOnXM2hMmDiHQ15MePyRog-3xNFo45&amp;ved=0ahUKEwjm74nIisCRAxXk7TgGHT-4AO0Q4dUDCA0&amp;uact=5&amp;oq=Cucumber+BDD&amp;gs_lp=Egdnd3Mtd2l6IgxDdWN1bWJlciBCRERIc1AAWDJwAHgAkAEAmAEAoAEAqgEAuAEDyAEA-AEBmAIAoAIAmAMAkgcAoAcAsgcAuAcAwgcAyAcAgAgA&amp;sclient=gws-wiz&amp;sei=j0BAafH2FpmSseMPq5XH8QU</title></head>
<body style="font-family: arial, sans-serif; background-color: #fff; color: #000; padding:20px; font-size:18px; overscroll-behavior:contain;" onload="e=document.getElementById('captcha');if(e){e.focus();} if(solveSimpleChallenge) {solveSimpleChallenge(0,0);}">
<div style="max-width:400px;">
<hr noshade="" size="1" style="color:#ccc; background-color:#ccc;"><br>
<form id="captcha-form" action="index" method="post">
<noscript>
<div style="font-size:13px;">
  In order to continue, please enable javascript on your web browser.
</div>
</noscript>
<script type="text/javascript" async="" charset="utf-8" src="https://www.gstatic.com/recaptcha/releases/7gg7H51Q-naNfhmCP3_R47ho/recaptcha__en.js" crossorigin="anonymous" integrity="sha384-TnttG+UhZcM8I0YLwHFXmjuU0uVv/3X99Itc+0eiXTiqtrwYAZwNs8Q9WliKgfF8"></script><script src="https://www.google.com/recaptcha/enterprise.js" async="" defer=""></script>
<script>var submitCallback = function(response) {document.getElementById('captcha-form').submit();};</script>
<div id="recaptcha" class="g-recaptcha" data-sitekey="6LdLLIMbAAAAAIl-KLj9p1ePhM-4LCCDbjtJLqRO" data-callback="submitCallback" data-s="M0V3cW07_eqiGv8e0H_BMOzz1kHbdRk8ORCHkTb44tu5mTFoWtsqNVazo6-VHeGHjBDob1VLpXl2ycIoD80eyFDBkYV-U1SXZ0Wm4U87CPRgivg1LQkRQQfhnCr_p9iS8XeSMqGIfy3Azx-u3KBSuRDDqJvYFAyTcIZ-8gDKzzTykuEbn0zkIPgsRwDkWpKPLPK8DDunao3nQ5UrbkXeFX2zE7s2I_JCUtB7U5L1Acsno8U0i72KUl21hj48nyesJ9RGZLWd7tc0yx6te6663bwZ7n0iQSI"><div style="width: 304px; height: 78px;"><div><iframe title="reCAPTCHA" width="304" height="78" role="presentation" name="a-6n69k2hgpvix" frameborder="0" scrolling="no" sandbox="allow-forms allow-popups allow-same-origin allow-scripts allow-top-navigation allow-modals allow-popups-to-escape-sandbox allow-storage-access-by-user-activation" src="https://www.google.com/recaptcha/enterprise/anchor?ar=1&amp;k=6LdLLIMbAAAAAIl-KLj9p1ePhM-4LCCDbjtJLqRO&amp;co=aHR0cHM6Ly93d3cuZ29vZ2xlLmNvbTo0NDM.&amp;hl=en&amp;v=7gg7H51Q-naNfhmCP3_R47ho&amp;size=normal&amp;s=M0V3cW07_eqiGv8e0H_BMOzz1kHbdRk8ORCHkTb44tu5mTFoWtsqNVazo6-VHeGHjBDob1VLpXl2ycIoD80eyFDBkYV-U1SXZ0Wm4U87CPRgivg1LQkRQQfhnCr_p9iS8XeSMqGIfy3Azx-u3KBSuRDDqJvYFAyTcIZ-8gDKzzTykuEbn0zkIPgsRwDkWpKPLPK8DDunao3nQ5UrbkXeFX2zE7s2I_JCUtB7U5L1Acsno8U0i72KUl21hj48nyesJ9RGZLWd7tc0yx6te6663bwZ7n0iQSI&amp;anchor-ms=20000&amp;execute-ms=15000&amp;cb=cz945mmj4vyy"></iframe></div><textarea id="g-recaptcha-response" name="g-recaptcha-response" class="g-recaptcha-response" style="width: 250px; height: 40px; border: 1px solid rgb(193, 193, 193); margin: 10px 25px; padding: 0px; resize: none; display: none;"></textarea></div><iframe style="display: none;"></iframe></div>

<input type="hidden" name="q" value="EgS2MEXrGI-BgcoGIjBVhljBv9HrdJr-K3TWyCCn8dzifTvaKneNm8UYDSeNDVs-_CzhahvBrmn5Hy1NqlAyAVJaAUM"><input type="hidden" name="continue" value="https://www.google.com/search?q=Cucumber+BDD&amp;sca_esv=908d569159eb1a2e&amp;source=hp&amp;ei=jUBAaab1K-Tb4-EPv_CC6A4&amp;iflsig=AOw8s4IAAAAAaUBOnXM2hMmDiHQ15MePyRog-3xNFo45&amp;ved=0ahUKEwjm74nIisCRAxXk7TgGHT-4AO0Q4dUDCA0&amp;uact=5&amp;oq=Cucumber+BDD&amp;gs_lp=Egdnd3Mtd2l6IgxDdWN1bWJlciBCRERIc1AAWDJwAHgAkAEAmAEAoAEAqgEAuAEDyAEA-AEBmAIAoAIAmAMAkgcAoAcAsgcAuAcAwgcAyAcAgAgA&amp;sclient=gws-wiz&amp;sei=j0BAafH2FpmSseMPq5XH8QU">
</form>
<hr noshade="" size="1" style="color:#ccc; background-color:#ccc;">

<div style="font-size:13px;">
<b>About this page</b><br><br>

Our systems have detected unusual traffic from your computer network.  This page checks to see if it's really you sending the requests, and not a robot.  <a href="#" onclick="document.getElementById('infoDiv').style.display='block';">Why did this happen?</a><br><br>

<div id="infoDiv" style="display:none; background-color:#eee; padding:10px; margin:0 0 15px 0; line-height:1.4em;">
This page appears when Google automatically detects requests coming from your computer network which appear to be in violation of the <a href="//www.google.com/policies/terms/">Terms of Service</a>. The block will expire shortly after those requests stop.  In the meantime, solving the above CAPTCHA will let you continue to use our services.<br><br>This traffic may have been sent by malicious software, a browser plug-in, or a script that sends automated requests.  If you share your network connection, ask your administrator for help — a different computer using the same IP address may be responsible.  <a href="//support.google.com/websearch/answer/86640">Learn more</a><br><br>Sometimes you may be asked to solve the CAPTCHA if you are using advanced terms that robots are known to use, or sending requests very quickly.
</div>
<br><div style="font-size:13px; line-break: anywhere;">
IP address: 182.48.69.235<br>Time: 2025-12-15T17:08:32Z<br>URL: https://www.google.com/search?q=Cucumber+BDD&amp;sca_esv=908d569159eb1a2e&amp;source=hp&amp;ei=jUBAaab1K-Tb4-EPv_CC6A4&amp;iflsig=AOw8s4IAAAAAaUBOnXM2hMmDiHQ15MePyRog-3xNFo45&amp;ved=0ahUKEwjm74nIisCRAxXk7TgGHT-4AO0Q4dUDCA0&amp;uact=5&amp;oq=Cucumber+BDD&amp;gs_lp=Egdnd3Mtd2l6IgxDdWN1bWJlciBCRERIc1AAWDJwAHgAkAEAmAEAoAEAqgEAuAEDyAEA-AEBmAIAoAIAmAMAkgcAoAcAsgcAuAcAwgcAyAcAgAgA&amp;sclient=gws-wiz&amp;sei=j0BAafH2FpmSseMPq5XH8QU<br>
</div>
</div>
</div>


</body></html>
  Then I should see "Cucumber BDD" in the search results # stepdefinitions.GoogleSearchSteps.i_should_see_in_the_search_results(java.lang.String)
      java.lang.AssertionError
	at org.junit.Assert.fail(Assert.java:87)
	at org.junit.Assert.assertTrue(Assert.java:42)
	at org.junit.Assert.assertTrue(Assert.java:53)
	at stepdefinitions.GoogleSearchSteps.i_should_see_in_the_search_results(GoogleSearchSteps.java:46)
	at ✽.I should see "Cucumber BDD" in the search results(file:///C:/Users/FAHIM/.cursor/projects/JavaSeleniumCucumberFramework/src/test/resources/features/google_search.feature:6)

]]></system-out>
    <system-err><![CDATA[[main] INFO io.github.bonigarcia.wdm.WebDriverManager - Using chromedriver 143.0.7499.42 (resolved driver for Chrome 143)
[main] INFO io.github.bonigarcia.wdm.WebDriverManager - Exporting webdriver.chrome.driver as C:\Users\FAHIM\.cache\selenium\chromedriver\win64\143.0.7499.42\chromedriver.exe
Dec 15, 2025 11:08:25 PM org.openqa.selenium.devtools.CdpVersionFinder findNearestMatch
WARNING: Unable to find an exact match for CDP version 143, returning the closest version; found: 142; Please update to a Selenium version that supports CDP version 143
]]></system-err>
  </testcase>
</testsuite>