<?xml version="1.0" encoding="UTF-8"?>
<testsuite xmlns:xsi="http://www.w3.org/2001/XMLSchema-instance" xsi:noNamespaceSchemaLocation="https://maven.apache.org/surefire/maven-surefire-plugin/xsd/surefire-test-report-3.0.xsd" version="3.0" name="TestRunner" time="17.826" tests="1" errors="0" skipped="0" failures="1">
  <properties>
[...]
</properties>
  <testcase name="Verify Google Search is working" classname="Google Search Functionality" time="13.597">
    <failure type="java.lang.AssertionError"><![CDATA[java.lang.AssertionError
	at org.junit.Assert.fail(Assert.java:87)
	at org.junit.Assert.assertTrue(Assert.java:42)
	at org.junit.Assert.assertTrue(Assert.java:53)
	at GoogleSearchSteps.i_should_see_in_the_search_results(GoogleSearchSteps.java:31)
	at ✽.I should see "Cucumber BDD" in the search results(file:///C:/Users/FAHIM/.cursor/projects/JavaSeleniumCucumberFramework/src/test/resources/features/google_search.feature:6)
]]></failure>
    <system-out><![CDATA[
Scenario: Verify Google Search is working                # src/test/resources/features/google_search.feature:3
  Given I am on the Google homepage                      # GoogleSearchSteps.i_am_on_the_google_homepage()
  When I search for "Cucumber BDD"                       # GoogleSearchSteps.i_search_for(java.lang.String)
  Then I should see "Cucumber BDD" in the search results # GoogleSearchSteps.i_should_see_in_the_search_results(java.lang.String)
      java.lang.AssertionError
	at org.junit.Assert.fail(Assert.java:87)
	at org.junit.Assert.assertTrue(Assert.java:42)
	at org.junit.Assert.assertTrue(Assert.java:53)
	at GoogleSearchSteps.i_should_see_in_the_search_results(GoogleSearchSteps.java:31)
	at ✽.I should see "Cucumber BDD" in the search results(file:///C:/Users/FAHIM/.cursor/projects/JavaSeleniumCucumberFramework/src/test/resources/features/google_search.feature:6)

]]></system-out>
    <system-err><![CDATA[[main] INFO io.github.bonigarcia.wdm.WebDriverManager - Using chromedriver 143.0.7499.42 (resolved driver for Chrome 143)
[main] INFO io.github.bonigarcia.wdm.online.Downloader - Downloading https://storage.googleapis.com/chrome-for-testing-public/143.0.7499.42/win64/chromedriver-win64.zip
[main] INFO io.github.bonigarcia.wdm.online.Downloader - Extracting driver from compressed file chromedriver-win64.zip
[main] INFO io.github.bonigarcia.wdm.WebDriverManager - Exporting webdriver.chrome.driver as C:\Users\FAHIM\.cache\selenium\chromedriver\win64\143.0.7499.42\chromedriver.exe
Dec 15, 2025 10:07:12 PM org.openqa.selenium.devtools.CdpVersionFinder findNearestMatch
WARNING: Unable to find an exact match for CDP version 143, returning the closest version; found: 142; Please update to a Selenium version that supports CDP version 143
]]></system-err>
  </testcase>
</testsuite>