-------------------------------------------------------------------------------
Test set: TestRunner
-------------------------------------------------------------------------------
Tests run: 1, Failures: 1, Errors: 0, Skipped: 0, Time elapsed: 17.83 s <<< FAILURE! -- in TestRunner
Google Search Functionality.Verify Google Search is working -- Time elapsed: 13.60 s <<< FAILURE!
java.lang.AssertionError
	at org.junit.Assert.fail(Assert.java:87)
	at org.junit.Assert.assertTrue(Assert.java:42)
	at org.junit.Assert.assertTrue(Assert.java:53)
	at GoogleSearchSteps.i_should_see_in_the_search_results(GoogleSearchSteps.java:31)
	at âœ½.I should see "Cucumber BDD" in the search results(file:///C:/Users/FAHIM/.cursor/projects/JavaSeleniumCucumberFramework/src/test/resources/features/google_search.feature:6)

